Determining if the pthread_create exist failed with the following output:
Change Dir: /home/chris/CLionProjects/mytest/cmake-build-debug/CMakeFiles/CMakeTmp

Run Build Command:"/usr/bin/make" "cmTC_955ef/fast"
/usr/bin/make -f CMakeFiles/cmTC_955ef.dir/build.make CMakeFiles/cmTC_955ef.dir/build
make[1]: Entering directory '/home/chris/CLionProjects/mytest/cmake-build-debug/CMakeFiles/CMakeTmp'
Building C object CMakeFiles/cmTC_955ef.dir/CheckSymbolExists.c.o
/usr/bin/cc   -fPIC    -o CMakeFiles/cmTC_955ef.dir/CheckSymbolExists.c.o   -c /home/chris/CLionProjects/mytest/cmake-build-debug/CMakeFiles/CMakeTmp/CheckSymbolExists.c
Linking C executable cmTC_955ef
/home/chris/clion-2017.3.1/bin/cmake/bin/cmake -E cmake_link_script CMakeFiles/cmTC_955ef.dir/link.txt --verbose=1
/usr/bin/cc -fPIC     CMakeFiles/cmTC_955ef.dir/CheckSymbolExists.c.o  -o cmTC_955ef 
CMakeFiles/cmTC_955ef.dir/CheckSymbolExists.c.o: In function `main':
CheckSymbolExists.c:(.text+0x1b): undefined reference to `pthread_create'
collect2: error: ld returned 1 exit status
CMakeFiles/cmTC_955ef.dir/build.make:97: recipe for target 'cmTC_955ef' failed
make[1]: *** [cmTC_955ef] Error 1
make[1]: Leaving directory '/home/chris/CLionProjects/mytest/cmake-build-debug/CMakeFiles/CMakeTmp'
Makefile:126: recipe for target 'cmTC_955ef/fast' failed
make: *** [cmTC_955ef/fast] Error 2

File /home/chris/CLionProjects/mytest/cmake-build-debug/CMakeFiles/CMakeTmp/CheckSymbolExists.c:
/* */
#include <pthread.h>

int main(int argc, char** argv)
{
  (void)argv;
#ifndef pthread_create
  return ((int*)(&pthread_create))[argc];
#else
  (void)argc;
  return 0;
#endif
}

Determining if the function pthread_create exists in the pthreads failed with the following output:
Change Dir: /home/chris/CLionProjects/mytest/cmake-build-debug/CMakeFiles/CMakeTmp

Run Build Command:"/usr/bin/make" "cmTC_0ddcb/fast"
/usr/bin/make -f CMakeFiles/cmTC_0ddcb.dir/build.make CMakeFiles/cmTC_0ddcb.dir/build
make[1]: Entering directory '/home/chris/CLionProjects/mytest/cmake-build-debug/CMakeFiles/CMakeTmp'
Building C object CMakeFiles/cmTC_0ddcb.dir/CheckFunctionExists.c.o
/usr/bin/cc   -fPIC -DCHECK_FUNCTION_EXISTS=pthread_create   -o CMakeFiles/cmTC_0ddcb.dir/CheckFunctionExists.c.o   -c /home/chris/clion-2017.3.1/bin/cmake/share/cmake-3.9/Modules/CheckFunctionExists.c
Linking C executable cmTC_0ddcb
/home/chris/clion-2017.3.1/bin/cmake/bin/cmake -E cmake_link_script CMakeFiles/cmTC_0ddcb.dir/link.txt --verbose=1
/usr/bin/cc -fPIC -DCHECK_FUNCTION_EXISTS=pthread_create    CMakeFiles/cmTC_0ddcb.dir/CheckFunctionExists.c.o  -o cmTC_0ddcb -lpthreads 
/usr/bin/ld: cannot find -lpthreads
collect2: error: ld returned 1 exit status
CMakeFiles/cmTC_0ddcb.dir/build.make:97: recipe for target 'cmTC_0ddcb' failed
make[1]: *** [cmTC_0ddcb] Error 1
make[1]: Leaving directory '/home/chris/CLionProjects/mytest/cmake-build-debug/CMakeFiles/CMakeTmp'
Makefile:126: recipe for target 'cmTC_0ddcb/fast' failed
make: *** [cmTC_0ddcb/fast] Error 2


