Determining if the pthread_create exist failed with the following output:
Change Dir: /home/chris/CLionProjects/mytest/cmake-build-release/CMakeFiles/CMakeTmp

Run Build Command:"/usr/bin/make" "cmTC_9bb7f/fast"
/usr/bin/make -f CMakeFiles/cmTC_9bb7f.dir/build.make CMakeFiles/cmTC_9bb7f.dir/build
make[1]: Entering directory '/home/chris/CLionProjects/mytest/cmake-build-release/CMakeFiles/CMakeTmp'
Building C object CMakeFiles/cmTC_9bb7f.dir/CheckSymbolExists.c.o
/usr/bin/cc   -fPIC    -o CMakeFiles/cmTC_9bb7f.dir/CheckSymbolExists.c.o   -c /home/chris/CLionProjects/mytest/cmake-build-release/CMakeFiles/CMakeTmp/CheckSymbolExists.c
Linking C executable cmTC_9bb7f
/home/chris/clion-2017.3.1/bin/cmake/bin/cmake -E cmake_link_script CMakeFiles/cmTC_9bb7f.dir/link.txt --verbose=1
/usr/bin/cc -fPIC     CMakeFiles/cmTC_9bb7f.dir/CheckSymbolExists.c.o  -o cmTC_9bb7f 
CMakeFiles/cmTC_9bb7f.dir/CheckSymbolExists.c.o: In function `main':
CheckSymbolExists.c:(.text+0x1b): undefined reference to `pthread_create'
collect2: error: ld returned 1 exit status
CMakeFiles/cmTC_9bb7f.dir/build.make:97: recipe for target 'cmTC_9bb7f' failed
make[1]: *** [cmTC_9bb7f] Error 1
make[1]: Leaving directory '/home/chris/CLionProjects/mytest/cmake-build-release/CMakeFiles/CMakeTmp'
Makefile:126: recipe for target 'cmTC_9bb7f/fast' failed
make: *** [cmTC_9bb7f/fast] Error 2

File /home/chris/CLionProjects/mytest/cmake-build-release/CMakeFiles/CMakeTmp/CheckSymbolExists.c:
/* */
#include <pthread.h>

int main(int argc, char** argv)
{
  (void)argv;
#ifndef pthread_create
  return ((int*)(&pthread_create))[argc];
#else
  (void)argc;
  return 0;
#endif
}

Determining if the function pthread_create exists in the pthreads failed with the following output:
Change Dir: /home/chris/CLionProjects/mytest/cmake-build-release/CMakeFiles/CMakeTmp

Run Build Command:"/usr/bin/make" "cmTC_d85dc/fast"
/usr/bin/make -f CMakeFiles/cmTC_d85dc.dir/build.make CMakeFiles/cmTC_d85dc.dir/build
make[1]: Entering directory '/home/chris/CLionProjects/mytest/cmake-build-release/CMakeFiles/CMakeTmp'
Building C object CMakeFiles/cmTC_d85dc.dir/CheckFunctionExists.c.o
/usr/bin/cc   -fPIC -DCHECK_FUNCTION_EXISTS=pthread_create   -o CMakeFiles/cmTC_d85dc.dir/CheckFunctionExists.c.o   -c /home/chris/clion-2017.3.1/bin/cmake/share/cmake-3.9/Modules/CheckFunctionExists.c
Linking C executable cmTC_d85dc
/home/chris/clion-2017.3.1/bin/cmake/bin/cmake -E cmake_link_script CMakeFiles/cmTC_d85dc.dir/link.txt --verbose=1
/usr/bin/cc -fPIC -DCHECK_FUNCTION_EXISTS=pthread_create    CMakeFiles/cmTC_d85dc.dir/CheckFunctionExists.c.o  -o cmTC_d85dc -lpthreads 
/usr/bin/ld: cannot find -lpthreads
collect2: error: ld returned 1 exit status
CMakeFiles/cmTC_d85dc.dir/build.make:97: recipe for target 'cmTC_d85dc' failed
make[1]: *** [cmTC_d85dc] Error 1
make[1]: Leaving directory '/home/chris/CLionProjects/mytest/cmake-build-release/CMakeFiles/CMakeTmp'
Makefile:126: recipe for target 'cmTC_d85dc/fast' failed
make: *** [cmTC_d85dc/fast] Error 2


